g:\work\shootemupengine\shootemupengine\x64\debug\vc141.pdb
g:\work\shootemupengine\shootemupengine\x64\debug\vc141.idb
g:\work\shootemupengine\shootemupengine\x64\debug\uitextbox.obj
g:\work\shootemupengine\shootemupengine\x64\debug\uimanager.obj
g:\work\shootemupengine\shootemupengine\x64\debug\uilabel.obj
g:\work\shootemupengine\shootemupengine\x64\debug\uiselectionbox.obj
g:\work\shootemupengine\shootemupengine\x64\debug\uiscrollbar.obj
g:\work\shootemupengine\shootemupengine\x64\debug\uidragdrop.obj
g:\work\shootemupengine\shootemupengine\x64\debug\uibutton.obj
g:\work\shootemupengine\shootemupengine\x64\debug\soundmanager.obj
g:\work\shootemupengine\shootemupengine\x64\debug\main.obj
g:\work\shootemupengine\shootemupengine\x64\debug\gameobject.obj
g:\work\shootemupengine\shootemupengine\x64\debug\filedialog.obj
g:\work\shootemupengine\shootemupengine\x64\debug\enginemanager.obj
g:\work\shootemupengine\shootemupengine\x64\debug\animator.obj
g:\work\shootemupengine\x64\debug\shootemupengine.exe
g:\work\shootemupengine\x64\debug\shootemupengine.ilk
g:\work\shootemupengine\x64\debug\shootemupengine.pdb
g:\work\shootemupengine\shootemupengine\x64\debug\shootemupengine.tlog\cl.command.1.tlog
g:\work\shootemupengine\shootemupengine\x64\debug\shootemupengine.tlog\link.command.1.tlog
g:\work\shootemupengine\shootemupengine\x64\debug\shootemupengine.tlog\cl.read.1.tlog
g:\work\shootemupengine\shootemupengine\x64\debug\shootemupengine.tlog\link.read.1.tlog
g:\work\shootemupengine\shootemupengine\x64\debug\shootemupengine.tlog\cl.write.1.tlog
g:\work\shootemupengine\shootemupengine\x64\debug\shootemupengine.tlog\link.write.1.tlog
