c:\users\j015791e\documents\github\shootemupengine\shootemupengine\shootemupengine\x64\debug\vc141.pdb
c:\users\j015791e\documents\github\shootemupengine\shootemupengine\shootemupengine\x64\debug\vc141.idb
c:\users\j015791e\documents\github\shootemupengine\shootemupengine\shootemupengine\x64\debug\uitextbox.obj
c:\users\j015791e\documents\github\shootemupengine\shootemupengine\shootemupengine\x64\debug\uimanager.obj
c:\users\j015791e\documents\github\shootemupengine\shootemupengine\shootemupengine\x64\debug\uilabel.obj
c:\users\j015791e\documents\github\shootemupengine\shootemupengine\shootemupengine\x64\debug\uiselectionbox.obj
c:\users\j015791e\documents\github\shootemupengine\shootemupengine\shootemupengine\x64\debug\uibutton.obj
c:\users\j015791e\documents\github\shootemupengine\shootemupengine\shootemupengine\x64\debug\soundmanager.obj
c:\users\j015791e\documents\github\shootemupengine\shootemupengine\shootemupengine\x64\debug\main.obj
c:\users\j015791e\documents\github\shootemupengine\shootemupengine\shootemupengine\x64\debug\filedialog.obj
c:\users\j015791e\documents\github\shootemupengine\shootemupengine\shootemupengine\x64\debug\enginemanager.obj
c:\users\j015791e\documents\github\shootemupengine\shootemupengine\shootemupengine\x64\debug\animator.obj
c:\users\j015791e\documents\github\shootemupengine\shootemupengine\x64\debug\shootemupengine.ilk
c:\users\j015791e\documents\github\shootemupengine\shootemupengine\x64\debug\shootemupengine.exe
c:\users\j015791e\documents\github\shootemupengine\shootemupengine\x64\debug\shootemupengine.pdb
c:\users\j015791e\documents\github\shootemupengine\shootemupengine\shootemupengine\x64\debug\shootemupengine.tlog\cl.command.1.tlog
c:\users\j015791e\documents\github\shootemupengine\shootemupengine\shootemupengine\x64\debug\shootemupengine.tlog\cl.read.1.tlog
c:\users\j015791e\documents\github\shootemupengine\shootemupengine\shootemupengine\x64\debug\shootemupengine.tlog\cl.write.1.tlog
c:\users\j015791e\documents\github\shootemupengine\shootemupengine\shootemupengine\x64\debug\shootemupengine.tlog\link.command.1.tlog
c:\users\j015791e\documents\github\shootemupengine\shootemupengine\shootemupengine\x64\debug\shootemupengine.tlog\link.read.1.tlog
c:\users\j015791e\documents\github\shootemupengine\shootemupengine\shootemupengine\x64\debug\shootemupengine.tlog\link.write.1.tlog
