  EngineManager.cpp
  main.cpp
  SoundManager.cpp
c:\users\neil\documents\github\shootemupengine\shootemupengine\shootemupengine\soundmanager.cpp(15): warning C4474: 'printf' : too many arguments passed for format string
  c:\users\neil\documents\github\shootemupengine\shootemupengine\shootemupengine\soundmanager.cpp(15): note: placeholders and their parameters expect 0 variadic arguments, but 2 were provided
c:\users\neil\documents\github\shootemupengine\shootemupengine\shootemupengine\soundmanager.cpp(32): warning C4474: 'printf' : too many arguments passed for format string
  c:\users\neil\documents\github\shootemupengine\shootemupengine\shootemupengine\soundmanager.cpp(32): note: placeholders and their parameters expect 0 variadic arguments, but 2 were provided
c:\users\neil\documents\github\shootemupengine\shootemupengine\shootemupengine\soundmanager.cpp(44): warning C4553: '==': result of expression not used; did you intend '='?
c:\users\neil\documents\github\shootemupengine\shootemupengine\shootemupengine\soundmanager.cpp(55): warning C4474: 'printf' : too many arguments passed for format string
  c:\users\neil\documents\github\shootemupengine\shootemupengine\shootemupengine\soundmanager.cpp(55): note: placeholders and their parameters expect 0 variadic arguments, but 1 were provided
  UILabel.cpp
c:\users\neil\documents\github\shootemupengine\shootemupengine\shootemupengine\uilabel.cpp(42): warning C4838: conversion from 'unsigned __int64' to 'int' requires a narrowing conversion
c:\users\neil\documents\github\shootemupengine\shootemupengine\shootemupengine\uilabel.cpp(42): warning C4267: 'initializing': conversion from 'size_t' to 'int', possible loss of data
  UIManager.cpp
c:\users\neil\documents\github\shootemupengine\shootemupengine\shootemupengine\uimanager.cpp(11): warning C4244: '=': conversion from 'double' to 'int', possible loss of data
  UITextBox.cpp
c:\users\neil\documents\github\shootemupengine\shootemupengine\shootemupengine\uitextbox.cpp(33): warning C4150: deletion of pointer to incomplete type '_TTF_Font'; no destructor called
  c:\users\neil\documents\github\shootemupengine\shootemupengine\shootemupengine\sdl2_ttf-2.0.14\include\sdl_ttf.h(86): note: see declaration of '_TTF_Font'
c:\users\neil\documents\github\shootemupengine\shootemupengine\shootemupengine\uitextbox.cpp(65): warning C4244: '=': conversion from 'Uint32' to 'float', possible loss of data
c:\users\neil\documents\github\shootemupengine\shootemupengine\shootemupengine\uitextbox.cpp(82): warning C4244: '=': conversion from 'Uint32' to 'float', possible loss of data
  Generating Code...
c:\users\neil\documents\github\shootemupengine\shootemupengine\shootemupengine\soundmanager.cpp(19): warning C4715: 'SoundManager::GetMusic': not all control paths return a value
c:\users\neil\documents\github\shootemupengine\shootemupengine\shootemupengine\soundmanager.cpp(36): warning C4715: 'SoundManager::GetSFX': not all control paths return a value
  ShootEmUpEngine.vcxproj -> C:\Users\Neil\Documents\GitHub\ShootEmUpEngine\ShootEmUpEngine\x64\Debug\ShootEmUpEngine.exe
